{"C:\\Users\\Joana\\Desktop\\PI2\\TPC7\\lib\\lastfm.js": {"path":"C:\\Users\\Joana\\Desktop\\PI2\\TPC7\\lib\\lastfm.js","statementMap":{"0":{"start":{"line":3,"column":15},"end":{"line":3,"column":32}},"1":{"start":{"line":5,"column":20},"end":{"line":5,"column":55}},"2":{"start":{"line":6,"column":19},"end":{"line":6,"column":53}},"3":{"start":{"line":7,"column":26},"end":{"line":7,"column":97}},"4":{"start":{"line":8,"column":29},"end":{"line":8,"column":60}},"5":{"start":{"line":16,"column":16},"end":{"line":16,"column":56}},"6":{"start":{"line":17,"column":4},"end":{"line":23,"column":6}},"7":{"start":{"line":18,"column":8},"end":{"line":18,"column":30}},"8":{"start":{"line":18,"column":16},"end":{"line":18,"column":30}},"9":{"start":{"line":19,"column":20},"end":{"line":19,"column":36}},"10":{"start":{"line":20,"column":8},"end":{"line":20,"column":55}},"11":{"start":{"line":20,"column":22},"end":{"line":20,"column":55}},"12":{"start":{"line":21,"column":23},"end":{"line":21,"column":59}},"13":{"start":{"line":21,"column":52},"end":{"line":21,"column":58}},"14":{"start":{"line":22,"column":8},"end":{"line":22,"column":24}},"15":{"start":{"line":35,"column":16},"end":{"line":35,"column":106}},"16":{"start":{"line":36,"column":4},"end":{"line":45,"column":6}},"17":{"start":{"line":38,"column":8},"end":{"line":38,"column":30}},"18":{"start":{"line":38,"column":16},"end":{"line":38,"column":30}},"19":{"start":{"line":39,"column":20},"end":{"line":39,"column":36}},"20":{"start":{"line":40,"column":25},"end":{"line":40,"column":87}},"21":{"start":{"line":40,"column":70},"end":{"line":40,"column":86}},"22":{"start":{"line":41,"column":8},"end":{"line":43,"column":9}},"23":{"start":{"line":42,"column":11},"end":{"line":42,"column":78}},"24":{"start":{"line":44,"column":8},"end":{"line":44,"column":33}},"25":{"start":{"line":48,"column":0},"end":{"line":51,"column":1}}},"fnMap":{"0":{"name":"getTopTracks","decl":{"start":{"line":15,"column":9},"end":{"line":15,"column":21}},"loc":{"start":{"line":15,"column":34},"end":{"line":24,"column":1}},"line":15},"1":{"name":"(anonymous_1)","decl":{"start":{"line":17,"column":24},"end":{"line":17,"column":25}},"loc":{"start":{"line":17,"column":44},"end":{"line":23,"column":5}},"line":17},"2":{"name":"(anonymous_2)","decl":{"start":{"line":21,"column":47},"end":{"line":21,"column":48}},"loc":{"start":{"line":21,"column":52},"end":{"line":21,"column":58}},"line":21},"3":{"name":"searchArtist","decl":{"start":{"line":34,"column":9},"end":{"line":34,"column":21}},"loc":{"start":{"line":34,"column":34},"end":{"line":46,"column":1}},"line":34},"4":{"name":"(anonymous_4)","decl":{"start":{"line":36,"column":23},"end":{"line":36,"column":24}},"loc":{"start":{"line":36,"column":39},"end":{"line":45,"column":5}},"line":36},"5":{"name":"(anonymous_5)","decl":{"start":{"line":40,"column":65},"end":{"line":40,"column":66}},"loc":{"start":{"line":40,"column":70},"end":{"line":40,"column":86}},"line":40}},"branchMap":{"0":{"loc":{"start":{"line":18,"column":8},"end":{"line":18,"column":30}},"type":"if","locations":[{"start":{"line":18,"column":8},"end":{"line":18,"column":30}},{"start":{"line":18,"column":8},"end":{"line":18,"column":30}}],"line":18},"1":{"loc":{"start":{"line":20,"column":8},"end":{"line":20,"column":55}},"type":"if","locations":[{"start":{"line":20,"column":8},"end":{"line":20,"column":55}},{"start":{"line":20,"column":8},"end":{"line":20,"column":55}}],"line":20},"2":{"loc":{"start":{"line":38,"column":8},"end":{"line":38,"column":30}},"type":"if","locations":[{"start":{"line":38,"column":8},"end":{"line":38,"column":30}},{"start":{"line":38,"column":8},"end":{"line":38,"column":30}}],"line":38},"3":{"loc":{"start":{"line":41,"column":8},"end":{"line":43,"column":9}},"type":"if","locations":[{"start":{"line":41,"column":8},"end":{"line":43,"column":9}},{"start":{"line":41,"column":8},"end":{"line":43,"column":9}}],"line":41}},"s":{"0":1,"1":1,"2":1,"3":1,"4":1,"5":1,"6":1,"7":1,"8":0,"9":1,"10":1,"11":0,"12":1,"13":50,"14":1,"15":0,"16":0,"17":0,"18":0,"19":0,"20":0,"21":0,"22":0,"23":0,"24":0,"25":1},"f":{"0":1,"1":1,"2":50,"3":0,"4":0,"5":0},"b":{"0":[0,1],"1":[0,1],"2":[0,0],"3":[0,0]},"_coverageSchema":"1a1c01bbd47fc00a2c39e90264f33305004495a9","hash":"bbe78a658e73cb14040af7f32611669f7db4bade"}
,"C:\\Users\\Joana\\Desktop\\PI2\\TPC7\\lib\\users.js": {"path":"C:\\Users\\Joana\\Desktop\\PI2\\TPC7\\lib\\users.js","statementMap":{"0":{"start":{"line":3,"column":11},"end":{"line":3,"column":24}},"1":{"start":{"line":4,"column":19},"end":{"line":4,"column":75}},"2":{"start":{"line":17,"column":4},"end":{"line":23,"column":6}},"3":{"start":{"line":18,"column":8},"end":{"line":18,"column":30}},"4":{"start":{"line":18,"column":16},"end":{"line":18,"column":30}},"5":{"start":{"line":19,"column":20},"end":{"line":19,"column":38}},"6":{"start":{"line":20,"column":22},"end":{"line":20,"column":67}},"7":{"start":{"line":20,"column":41},"end":{"line":20,"column":66}},"8":{"start":{"line":21,"column":8},"end":{"line":21,"column":96}},"9":{"start":{"line":21,"column":30},"end":{"line":21,"column":96}},"10":{"start":{"line":22,"column":8},"end":{"line":22,"column":26}},"11":{"start":{"line":34,"column":4},"end":{"line":51,"column":6}},"12":{"start":{"line":35,"column":8},"end":{"line":35,"column":30}},"13":{"start":{"line":35,"column":16},"end":{"line":35,"column":30}},"14":{"start":{"line":37,"column":20},"end":{"line":37,"column":38}},"15":{"start":{"line":39,"column":22},"end":{"line":39,"column":67}},"16":{"start":{"line":39,"column":41},"end":{"line":39,"column":66}},"17":{"start":{"line":41,"column":8},"end":{"line":42,"column":87}},"18":{"start":{"line":42,"column":12},"end":{"line":42,"column":87}},"19":{"start":{"line":44,"column":23},"end":{"line":44,"column":55}},"20":{"start":{"line":45,"column":8},"end":{"line":45,"column":24}},"21":{"start":{"line":46,"column":27},"end":{"line":46,"column":46}},"22":{"start":{"line":48,"column":8},"end":{"line":50,"column":10}},"23":{"start":{"line":49,"column":12},"end":{"line":49,"column":34}},"24":{"start":{"line":49,"column":20},"end":{"line":49,"column":34}},"25":{"start":{"line":64,"column":4},"end":{"line":77,"column":6}},"26":{"start":{"line":65,"column":8},"end":{"line":65,"column":29}},"27":{"start":{"line":65,"column":15},"end":{"line":65,"column":29}},"28":{"start":{"line":66,"column":20},"end":{"line":66,"column":38}},"29":{"start":{"line":67,"column":8},"end":{"line":69,"column":10}},"30":{"start":{"line":68,"column":12},"end":{"line":68,"column":59}},"31":{"start":{"line":68,"column":37},"end":{"line":68,"column":59}},"32":{"start":{"line":72,"column":27},"end":{"line":72,"column":46}},"33":{"start":{"line":74,"column":8},"end":{"line":76,"column":10}},"34":{"start":{"line":75,"column":12},"end":{"line":75,"column":34}},"35":{"start":{"line":75,"column":20},"end":{"line":75,"column":34}},"36":{"start":{"line":80,"column":0},"end":{"line":84,"column":1}}},"fnMap":{"0":{"name":"getUser","decl":{"start":{"line":16,"column":9},"end":{"line":16,"column":16}},"loc":{"start":{"line":16,"column":31},"end":{"line":24,"column":1}},"line":16},"1":{"name":"(anonymous_1)","decl":{"start":{"line":17,"column":28},"end":{"line":17,"column":29}},"loc":{"start":{"line":17,"column":45},"end":{"line":23,"column":5}},"line":17},"2":{"name":"(anonymous_2)","decl":{"start":{"line":20,"column":33},"end":{"line":20,"column":34}},"loc":{"start":{"line":20,"column":41},"end":{"line":20,"column":66}},"line":20},"3":{"name":"addUser","decl":{"start":{"line":33,"column":9},"end":{"line":33,"column":16}},"loc":{"start":{"line":33,"column":31},"end":{"line":52,"column":1}},"line":33},"4":{"name":"(anonymous_4)","decl":{"start":{"line":34,"column":27},"end":{"line":34,"column":28}},"loc":{"start":{"line":34,"column":43},"end":{"line":51,"column":5}},"line":34},"5":{"name":"(anonymous_5)","decl":{"start":{"line":39,"column":33},"end":{"line":39,"column":34}},"loc":{"start":{"line":39,"column":41},"end":{"line":39,"column":66}},"line":39},"6":{"name":"(anonymous_6)","decl":{"start":{"line":48,"column":43},"end":{"line":48,"column":44}},"loc":{"start":{"line":48,"column":50},"end":{"line":50,"column":9}},"line":48},"7":{"name":"addArtist","decl":{"start":{"line":63,"column":9},"end":{"line":63,"column":18}},"loc":{"start":{"line":63,"column":41},"end":{"line":78,"column":1}},"line":63},"8":{"name":"(anonymous_8)","decl":{"start":{"line":64,"column":27},"end":{"line":64,"column":28}},"loc":{"start":{"line":64,"column":41},"end":{"line":77,"column":5}},"line":64},"9":{"name":"(anonymous_9)","decl":{"start":{"line":67,"column":16},"end":{"line":67,"column":17}},"loc":{"start":{"line":67,"column":19},"end":{"line":69,"column":9}},"line":67},"10":{"name":"(anonymous_10)","decl":{"start":{"line":74,"column":43},"end":{"line":74,"column":44}},"loc":{"start":{"line":74,"column":50},"end":{"line":76,"column":9}},"line":74}},"branchMap":{"0":{"loc":{"start":{"line":18,"column":8},"end":{"line":18,"column":30}},"type":"if","locations":[{"start":{"line":18,"column":8},"end":{"line":18,"column":30}},{"start":{"line":18,"column":8},"end":{"line":18,"column":30}}],"line":18},"1":{"loc":{"start":{"line":21,"column":8},"end":{"line":21,"column":96}},"type":"if","locations":[{"start":{"line":21,"column":8},"end":{"line":21,"column":96}},{"start":{"line":21,"column":8},"end":{"line":21,"column":96}}],"line":21},"2":{"loc":{"start":{"line":35,"column":8},"end":{"line":35,"column":30}},"type":"if","locations":[{"start":{"line":35,"column":8},"end":{"line":35,"column":30}},{"start":{"line":35,"column":8},"end":{"line":35,"column":30}}],"line":35},"3":{"loc":{"start":{"line":41,"column":8},"end":{"line":42,"column":87}},"type":"if","locations":[{"start":{"line":41,"column":8},"end":{"line":42,"column":87}},{"start":{"line":41,"column":8},"end":{"line":42,"column":87}}],"line":41},"4":{"loc":{"start":{"line":49,"column":12},"end":{"line":49,"column":34}},"type":"if","locations":[{"start":{"line":49,"column":12},"end":{"line":49,"column":34}},{"start":{"line":49,"column":12},"end":{"line":49,"column":34}}],"line":49},"5":{"loc":{"start":{"line":65,"column":8},"end":{"line":65,"column":29}},"type":"if","locations":[{"start":{"line":65,"column":8},"end":{"line":65,"column":29}},{"start":{"line":65,"column":8},"end":{"line":65,"column":29}}],"line":65},"6":{"loc":{"start":{"line":68,"column":12},"end":{"line":68,"column":59}},"type":"if","locations":[{"start":{"line":68,"column":12},"end":{"line":68,"column":59}},{"start":{"line":68,"column":12},"end":{"line":68,"column":59}}],"line":68},"7":{"loc":{"start":{"line":75,"column":12},"end":{"line":75,"column":34}},"type":"if","locations":[{"start":{"line":75,"column":12},"end":{"line":75,"column":34}},{"start":{"line":75,"column":12},"end":{"line":75,"column":34}}],"line":75}},"s":{"0":1,"1":1,"2":2,"3":2,"4":0,"5":2,"6":2,"7":8,"8":2,"9":1,"10":1,"11":1,"12":1,"13":0,"14":1,"15":1,"16":4,"17":1,"18":1,"19":0,"20":0,"21":0,"22":0,"23":0,"24":0,"25":0,"26":0,"27":0,"28":0,"29":0,"30":0,"31":0,"32":0,"33":0,"34":0,"35":0,"36":1},"f":{"0":2,"1":2,"2":8,"3":1,"4":1,"5":4,"6":0,"7":0,"8":0,"9":0,"10":0},"b":{"0":[0,2],"1":[1,1],"2":[0,1],"3":[1,0],"4":[0,0],"5":[0,0],"6":[0,0],"7":[0,0]},"_coverageSchema":"1a1c01bbd47fc00a2c39e90264f33305004495a9","hash":"42abfd4cb9a8b1ae07a5a33d6cd39ef1de451c43"}
}
