TN:
SF:lib\lastfm.js
FN:15,getTopTracks
FN:17,(anonymous_1)
FN:21,(anonymous_2)
FN:34,searchArtist
FN:36,(anonymous_4)
FN:40,(anonymous_5)
FNF:6
FNH:3
FNDA:1,getTopTracks
FNDA:1,(anonymous_1)
FNDA:50,(anonymous_2)
FNDA:0,searchArtist
FNDA:0,(anonymous_4)
FNDA:0,(anonymous_5)
DA:3,1
DA:5,1
DA:6,1
DA:7,1
DA:8,1
DA:16,1
DA:17,1
DA:18,1
DA:19,1
DA:20,1
DA:21,50
DA:22,1
DA:35,0
DA:36,0
DA:38,0
DA:39,0
DA:40,0
DA:41,0
DA:42,0
DA:44,0
DA:48,1
LF:21
LH:13
BRDA:18,0,0,0
BRDA:18,0,1,1
BRDA:20,1,0,0
BRDA:20,1,1,1
BRDA:38,2,0,0
BRDA:38,2,1,0
BRDA:41,3,0,0
BRDA:41,3,1,0
BRF:8
BRH:2
end_of_record
TN:
SF:lib\users.js
FN:16,getUser
FN:17,(anonymous_1)
FN:20,(anonymous_2)
FN:33,addUser
FN:34,(anonymous_4)
FN:39,(anonymous_5)
FN:48,(anonymous_6)
FN:63,addArtist
FN:64,(anonymous_8)
FN:67,(anonymous_9)
FN:74,(anonymous_10)
FNF:11
FNH:6
FNDA:2,getUser
FNDA:2,(anonymous_1)
FNDA:8,(anonymous_2)
FNDA:1,addUser
FNDA:1,(anonymous_4)
FNDA:4,(anonymous_5)
FNDA:0,(anonymous_6)
FNDA:0,addArtist
FNDA:0,(anonymous_8)
FNDA:0,(anonymous_9)
FNDA:0,(anonymous_10)
DA:3,1
DA:4,1
DA:17,2
DA:18,2
DA:19,2
DA:20,8
DA:21,2
DA:22,1
DA:34,1
DA:35,1
DA:37,1
DA:39,4
DA:41,1
DA:42,1
DA:44,0
DA:45,0
DA:46,0
DA:48,0
DA:49,0
DA:64,0
DA:65,0
DA:66,0
DA:67,0
DA:68,0
DA:72,0
DA:74,0
DA:75,0
DA:80,1
LF:28
LH:15
BRDA:18,0,0,0
BRDA:18,0,1,2
BRDA:21,1,0,1
BRDA:21,1,1,1
BRDA:35,2,0,0
BRDA:35,2,1,1
BRDA:41,3,0,1
BRDA:41,3,1,0
BRDA:49,4,0,0
BRDA:49,4,1,0
BRDA:65,5,0,0
BRDA:65,5,1,0
BRDA:68,6,0,0
BRDA:68,6,1,0
BRDA:75,7,0,0
BRDA:75,7,1,0
BRF:16
BRH:5
end_of_record
